<?xml version="1.0" encoding="UTF-8"?>
<coverage generated="1707491490146" clover="3.2.0">
  <project timestamp="1707491490146" name="All files">
    <metrics statements="66" coveredstatements="62" conditionals="22" coveredconditionals="16" methods="24" coveredmethods="21" elements="112" coveredelements="99" complexity="0" loc="66" ncloc="66" packages="2" files="6" classes="6"/>
    <package name="components">
      <metrics statements="65" coveredstatements="61" conditionals="22" coveredconditionals="16" methods="24" coveredmethods="21"/>
      <file name="Body.js" path="/home/curiouskid/Shin sei/React projects/Jo's Kitchen/src/components/Body.js">
        <metrics statements="20" coveredstatements="20" conditionals="6" coveredconditionals="6" methods="8" coveredmethods="8"/>
        <line num="15" count="1" type="stmt"/>
        <line num="17" count="6" type="stmt"/>
        <line num="18" count="6" type="stmt"/>
        <line num="21" count="6" type="stmt"/>
        <line num="24" count="6" type="stmt"/>
        <line num="25" count="2" type="stmt"/>
        <line num="29" count="6" type="stmt"/>
        <line num="30" count="2" type="stmt"/>
        <line num="31" count="2" type="stmt"/>
        <line num="33" count="2" type="stmt"/>
        <line num="35" count="2" type="stmt"/>
        <line num="36" count="24" type="cond" truecount="2" falsecount="0"/>
        <line num="37" count="2" type="stmt"/>
        <line num="45" count="6" type="stmt"/>
        <line num="48" count="6" type="stmt"/>
        <line num="49" count="5" type="stmt"/>
        <line num="50" count="27" type="stmt"/>
        <line num="57" count="6" type="cond" truecount="2" falsecount="0"/>
        <line num="70" count="1" type="stmt"/>
        <line num="82" count="28" type="stmt"/>
      </file>
      <file name="Header.js" path="/home/curiouskid/Shin sei/React projects/Jo's Kitchen/src/components/Header.js">
        <metrics statements="5" coveredstatements="5" conditionals="2" coveredconditionals="1" methods="2" coveredmethods="2"/>
        <line num="14" count="2" type="stmt"/>
        <line num="15" count="6" type="stmt"/>
        <line num="16" count="6" type="stmt"/>
        <line num="19" count="14" type="stmt"/>
        <line num="21" count="6" type="stmt"/>
      </file>
      <file name="ItemList.js" path="/home/curiouskid/Shin sei/React projects/Jo's Kitchen/src/components/ItemList.js">
        <metrics statements="12" coveredstatements="12" conditionals="6" coveredconditionals="3" methods="4" coveredmethods="4"/>
        <line num="18" count="1" type="stmt"/>
        <line num="19" count="4" type="stmt"/>
        <line num="20" count="4" type="stmt"/>
        <line num="23" count="4" type="stmt"/>
        <line num="24" count="2" type="stmt"/>
        <line num="25" count="2" type="stmt"/>
        <line num="33" count="2" type="stmt"/>
        <line num="43" count="2" type="stmt"/>
        <line num="45" count="2" type="stmt"/>
        <line num="51" count="4" type="stmt"/>
        <line num="55" count="52" type="stmt"/>
        <line num="96" count="2" type="stmt"/>
      </file>
      <file name="RestaurantCards.js" path="/home/curiouskid/Shin sei/React projects/Jo's Kitchen/src/components/RestaurantCards.js">
        <metrics statements="7" coveredstatements="7" conditionals="0" coveredconditionals="0" methods="3" coveredmethods="3"/>
        <line num="8" count="2" type="stmt"/>
        <line num="9" count="30" type="stmt"/>
        <line num="20" count="30" type="stmt"/>
        <line num="22" count="30" type="stmt"/>
        <line num="57" count="2" type="stmt"/>
        <line num="58" count="7" type="stmt"/>
        <line num="59" count="10" type="stmt"/>
      </file>
      <file name="RestaurantMenu.js" path="/home/curiouskid/Shin sei/React projects/Jo's Kitchen/src/components/RestaurantMenu.js">
        <metrics statements="21" coveredstatements="17" conditionals="8" coveredconditionals="6" methods="7" coveredmethods="4"/>
        <line num="19" count="1" type="stmt"/>
        <line num="20" count="6" type="stmt"/>
        <line num="21" count="6" type="stmt"/>
        <line num="23" count="6" type="stmt"/>
        <line num="26" count="6" type="stmt"/>
        <line num="29" count="6" type="cond" truecount="2" falsecount="0"/>
        <line num="39" count="4" type="stmt"/>
        <line num="42" count="4" type="stmt"/>
        <line num="46" count="4" type="stmt"/>
        <line num="48" count="4" type="stmt"/>
        <line num="49" count="76" type="stmt"/>
        <line num="53" count="4" type="stmt"/>
        <line num="55" count="0" type="stmt"/>
        <line num="56" count="0" type="stmt"/>
        <line num="60" count="0" type="stmt"/>
        <line num="63" count="4" type="stmt"/>
        <line num="108" count="0" type="stmt"/>
        <line num="121" count="60" type="cond" truecount="1" falsecount="1"/>
        <line num="126" count="60" type="stmt"/>
        <line num="133" count="60" type="cond" truecount="1" falsecount="1"/>
        <line num="141" count="2" type="stmt"/>
      </file>
    </package>
    <package name="utils.redux-files">
      <metrics statements="1" coveredstatements="1" conditionals="0" coveredconditionals="0" methods="0" coveredmethods="0"/>
      <file name="appStore.js" path="/home/curiouskid/Shin sei/React projects/Jo's Kitchen/src/utils/redux-files/appStore.js">
        <metrics statements="1" coveredstatements="1" conditionals="0" coveredconditionals="0" methods="0" coveredmethods="0"/>
        <line num="6" count="2" type="stmt"/>
      </file>
    </package>
  </project>
</coverage>
