{"/home/curiouskid/Shin sei/React projects/Jo's Kitchen/src/components/Contact.js": {"path":"/home/curiouskid/Shin sei/React projects/Jo's Kitchen/src/components/Contact.js","statementMap":{"0":{"start":{"line":3,"column":23},"end":{"line":10,"column":1}},"1":{"start":{"line":4,"column":1},"end":{"line":9,"column":3}}},"fnMap":{"0":{"name":"(anonymous_0)","decl":{"start":{"line":3,"column":23},"end":{"line":3,"column":24}},"loc":{"start":{"line":3,"column":29},"end":{"line":10,"column":1}},"line":3}},"branchMap":{},"s":{"0":1,"1":2},"f":{"0":2},"b":{},"_coverageSchema":"1a1c01bbd47fc00a2c39e90264f33305004495a9","hash":"263ad5220a0e73347e6a2f7dd96af82c6e6e66ea"}
,"/home/curiouskid/Shin sei/React projects/Jo's Kitchen/src/components/Header.js": {"path":"/home/curiouskid/Shin sei/React projects/Jo's Kitchen/src/components/Header.js","statementMap":{"0":{"start":{"line":14,"column":22},"end":{"line":76,"column":1}},"1":{"start":{"line":15,"column":22},"end":{"line":15,"column":39}},"2":{"start":{"line":16,"column":26},"end":{"line":16,"column":49}},"3":{"start":{"line":19,"column":19},"end":{"line":19,"column":58}},"4":{"start":{"line":19,"column":42},"end":{"line":19,"column":57}},"5":{"start":{"line":21,"column":1},"end":{"line":75,"column":3}}},"fnMap":{"0":{"name":"(anonymous_0)","decl":{"start":{"line":14,"column":22},"end":{"line":14,"column":23}},"loc":{"start":{"line":14,"column":28},"end":{"line":76,"column":1}},"line":14},"1":{"name":"(anonymous_1)","decl":{"start":{"line":19,"column":31},"end":{"line":19,"column":32}},"loc":{"start":{"line":19,"column":42},"end":{"line":19,"column":57}},"line":19}},"branchMap":{"0":{"loc":{"start":{"line":35,"column":22},"end":{"line":35,"column":46}},"type":"cond-expr","locations":[{"start":{"line":35,"column":37},"end":{"line":35,"column":40}},{"start":{"line":35,"column":43},"end":{"line":35,"column":46}}],"line":35}},"s":{"0":1,"1":2,"2":2,"3":2,"4":4,"5":2},"f":{"0":2,"1":4},"b":{"0":[2,0]},"_coverageSchema":"1a1c01bbd47fc00a2c39e90264f33305004495a9","hash":"1eed34cd8ab07a3ab2ff776cbab0665ec4743a60"}
,"/home/curiouskid/Shin sei/React projects/Jo's Kitchen/src/components/RestaurantCards.js": {"path":"/home/curiouskid/Shin sei/React projects/Jo's Kitchen/src/components/RestaurantCards.js","statementMap":{"0":{"start":{"line":8,"column":24},"end":{"line":53,"column":1}},"1":{"start":{"line":10,"column":21},"end":{"line":10,"column":26}},"2":{"start":{"line":11,"column":1},"end":{"line":11,"column":37}},"3":{"start":{"line":22,"column":5},"end":{"line":22,"column":17}},"4":{"start":{"line":24,"column":1},"end":{"line":52,"column":3}},"5":{"start":{"line":59,"column":37},"end":{"line":73,"column":1}},"6":{"start":{"line":60,"column":1},"end":{"line":72,"column":3}},"7":{"start":{"line":61,"column":2},"end":{"line":71,"column":4}}},"fnMap":{"0":{"name":"(anonymous_0)","decl":{"start":{"line":8,"column":24},"end":{"line":8,"column":25}},"loc":{"start":{"line":8,"column":35},"end":{"line":53,"column":1}},"line":8},"1":{"name":"(anonymous_1)","decl":{"start":{"line":59,"column":37},"end":{"line":59,"column":38}},"loc":{"start":{"line":59,"column":58},"end":{"line":73,"column":1}},"line":59},"2":{"name":"(anonymous_2)","decl":{"start":{"line":60,"column":8},"end":{"line":60,"column":9}},"loc":{"start":{"line":60,"column":19},"end":{"line":72,"column":2}},"line":60}},"branchMap":{},"s":{"0":1,"1":2,"2":2,"3":2,"4":2,"5":1,"6":1,"7":1},"f":{"0":2,"1":1,"2":1},"b":{},"_coverageSchema":"1a1c01bbd47fc00a2c39e90264f33305004495a9","hash":"abbfbb3fe0b70eb4b3789812851c2644f7f95605"}
,"/home/curiouskid/Shin sei/React projects/Jo's Kitchen/src/components/cart-components/ClearCartAlert.js": {"path":"/home/curiouskid/Shin sei/React projects/Jo's Kitchen/src/components/cart-components/ClearCartAlert.js","statementMap":{"0":{"start":{"line":23,"column":23},"end":{"line":75,"column":1}},"1":{"start":{"line":25,"column":19},"end":{"line":25,"column":58}},"2":{"start":{"line":25,"column":42},"end":{"line":25,"column":57}},"3":{"start":{"line":28,"column":18},"end":{"line":28,"column":31}},"4":{"start":{"line":31,"column":19},"end":{"line":31,"column":29}},"5":{"start":{"line":34,"column":25},"end":{"line":42,"column":2}},"6":{"start":{"line":35,"column":2},"end":{"line":35,"column":26}},"7":{"start":{"line":36,"column":2},"end":{"line":36,"column":33}},"8":{"start":{"line":38,"column":2},"end":{"line":41,"column":5}},"9":{"start":{"line":44,"column":1},"end":{"line":74,"column":3}}},"fnMap":{"0":{"name":"(anonymous_0)","decl":{"start":{"line":23,"column":23},"end":{"line":23,"column":24}},"loc":{"start":{"line":23,"column":29},"end":{"line":75,"column":1}},"line":23},"1":{"name":"(anonymous_1)","decl":{"start":{"line":25,"column":31},"end":{"line":25,"column":32}},"loc":{"start":{"line":25,"column":42},"end":{"line":25,"column":57}},"line":25},"2":{"name":"(anonymous_2)","decl":{"start":{"line":34,"column":25},"end":{"line":34,"column":26}},"loc":{"start":{"line":34,"column":31},"end":{"line":42,"column":2}},"line":34}},"branchMap":{},"s":{"0":1,"1":1,"2":2,"3":1,"4":1,"5":1,"6":0,"7":0,"8":0,"9":1},"f":{"0":1,"1":2,"2":0},"b":{},"_coverageSchema":"1a1c01bbd47fc00a2c39e90264f33305004495a9","hash":"e7336825f000e41da2db782b56cf98d09c4f2ff4"}
,"/home/curiouskid/Shin sei/React projects/Jo's Kitchen/src/components/ui/alert-dialog.jsx": {"path":"/home/curiouskid/Shin sei/React projects/Jo's Kitchen/src/components/ui/alert-dialog.jsx","statementMap":{"0":{"start":{"line":9,"column":20},"end":{"line":9,"column":45}},"1":{"start":{"line":11,"column":27},"end":{"line":11,"column":55}},"2":{"start":{"line":13,"column":26},"end":{"line":13,"column":53}},"3":{"start":{"line":15,"column":27},"end":{"line":24,"column":2}},"4":{"start":{"line":16,"column":1},"end":{"line":23,"column":3}},"5":{"start":{"line":25,"column":0},"end":{"line":25,"column":74}},"6":{"start":{"line":27,"column":27},"end":{"line":39,"column":2}},"7":{"start":{"line":28,"column":1},"end":{"line":38,"column":21}},"8":{"start":{"line":40,"column":0},"end":{"line":40,"column":74}},"9":{"start":{"line":42,"column":26},"end":{"line":50,"column":1}},"10":{"start":{"line":43,"column":1},"end":{"line":49,"column":3}},"11":{"start":{"line":51,"column":0},"end":{"line":51,"column":52}},"12":{"start":{"line":53,"column":26},"end":{"line":61,"column":1}},"13":{"start":{"line":54,"column":1},"end":{"line":60,"column":3}},"14":{"start":{"line":62,"column":0},"end":{"line":62,"column":52}},"15":{"start":{"line":64,"column":25},"end":{"line":70,"column":2}},"16":{"start":{"line":65,"column":1},"end":{"line":69,"column":3}},"17":{"start":{"line":71,"column":0},"end":{"line":71,"column":70}},"18":{"start":{"line":73,"column":31},"end":{"line":81,"column":1}},"19":{"start":{"line":75,"column":2},"end":{"line":79,"column":4}},"20":{"start":{"line":82,"column":0},"end":{"line":83,"column":46}},"21":{"start":{"line":85,"column":26},"end":{"line":91,"column":2}},"22":{"start":{"line":86,"column":1},"end":{"line":90,"column":3}},"23":{"start":{"line":92,"column":0},"end":{"line":92,"column":72}},"24":{"start":{"line":94,"column":26},"end":{"line":104,"column":2}},"25":{"start":{"line":95,"column":1},"end":{"line":103,"column":3}},"26":{"start":{"line":105,"column":0},"end":{"line":105,"column":72}}},"fnMap":{"0":{"name":"(anonymous_0)","decl":{"start":{"line":15,"column":44},"end":{"line":15,"column":45}},"loc":{"start":{"line":16,"column":1},"end":{"line":23,"column":3}},"line":16},"1":{"name":"(anonymous_1)","decl":{"start":{"line":27,"column":44},"end":{"line":27,"column":45}},"loc":{"start":{"line":28,"column":1},"end":{"line":38,"column":21}},"line":28},"2":{"name":"(anonymous_2)","decl":{"start":{"line":42,"column":26},"end":{"line":42,"column":27}},"loc":{"start":{"line":43,"column":1},"end":{"line":49,"column":3}},"line":43},"3":{"name":"(anonymous_3)","decl":{"start":{"line":53,"column":26},"end":{"line":53,"column":27}},"loc":{"start":{"line":54,"column":1},"end":{"line":60,"column":3}},"line":54},"4":{"name":"(anonymous_4)","decl":{"start":{"line":64,"column":42},"end":{"line":64,"column":43}},"loc":{"start":{"line":65,"column":1},"end":{"line":69,"column":3}},"line":65},"5":{"name":"(anonymous_5)","decl":{"start":{"line":74,"column":1},"end":{"line":74,"column":2}},"loc":{"start":{"line":75,"column":2},"end":{"line":79,"column":4}},"line":75},"6":{"name":"(anonymous_6)","decl":{"start":{"line":85,"column":43},"end":{"line":85,"column":44}},"loc":{"start":{"line":86,"column":1},"end":{"line":90,"column":3}},"line":86},"7":{"name":"(anonymous_7)","decl":{"start":{"line":94,"column":43},"end":{"line":94,"column":44}},"loc":{"start":{"line":95,"column":1},"end":{"line":103,"column":3}},"line":95}},"branchMap":{},"s":{"0":1,"1":1,"2":1,"3":1,"4":0,"5":1,"6":1,"7":1,"8":1,"9":1,"10":0,"11":1,"12":1,"13":0,"14":1,"15":1,"16":0,"17":1,"18":1,"19":0,"20":1,"21":1,"22":0,"23":1,"24":1,"25":0,"26":1},"f":{"0":0,"1":1,"2":0,"3":0,"4":0,"5":0,"6":0,"7":0},"b":{},"_coverageSchema":"1a1c01bbd47fc00a2c39e90264f33305004495a9","hash":"b628b611cdd52dad9c060bb8388d7fdfbe258d17"}
,"/home/curiouskid/Shin sei/React projects/Jo's Kitchen/src/components/ui/button.jsx": {"path":"/home/curiouskid/Shin sei/React projects/Jo's Kitchen/src/components/ui/button.jsx","statementMap":{"0":{"start":{"line":7,"column":23},"end":{"line":35,"column":1}},"1":{"start":{"line":37,"column":15},"end":{"line":48,"column":1}},"2":{"start":{"line":39,"column":15},"end":{"line":39,"column":40}},"3":{"start":{"line":40,"column":2},"end":{"line":46,"column":4}},"4":{"start":{"line":49,"column":0},"end":{"line":49,"column":30}}},"fnMap":{"0":{"name":"(anonymous_0)","decl":{"start":{"line":38,"column":1},"end":{"line":38,"column":2}},"loc":{"start":{"line":38,"column":67},"end":{"line":47,"column":2}},"line":38}},"branchMap":{"0":{"loc":{"start":{"line":38,"column":30},"end":{"line":38,"column":45}},"type":"default-arg","locations":[{"start":{"line":38,"column":40},"end":{"line":38,"column":45}}],"line":38},"1":{"loc":{"start":{"line":39,"column":15},"end":{"line":39,"column":40}},"type":"cond-expr","locations":[{"start":{"line":39,"column":25},"end":{"line":39,"column":29}},{"start":{"line":39,"column":32},"end":{"line":39,"column":40}}],"line":39}},"s":{"0":2,"1":2,"2":3,"3":3,"4":2},"f":{"0":3},"b":{"0":[3],"1":[0,3]},"_coverageSchema":"1a1c01bbd47fc00a2c39e90264f33305004495a9","hash":"399c4bde3d2301a414ecac283d0039977321ba25"}
,"/home/curiouskid/Shin sei/React projects/Jo's Kitchen/src/components/ui/use-toast.js": {"path":"/home/curiouskid/Shin sei/React projects/Jo's Kitchen/src/components/ui/use-toast.js","statementMap":{"0":{"start":{"line":4,"column":20},"end":{"line":4,"column":21}},"1":{"start":{"line":5,"column":27},"end":{"line":5,"column":31}},"2":{"start":{"line":7,"column":20},"end":{"line":12,"column":1}},"3":{"start":{"line":14,"column":12},"end":{"line":14,"column":13}},"4":{"start":{"line":17,"column":1},"end":{"line":17,"column":47}},"5":{"start":{"line":18,"column":1},"end":{"line":18,"column":25}},"6":{"start":{"line":21,"column":22},"end":{"line":21,"column":31}},"7":{"start":{"line":23,"column":25},"end":{"line":37,"column":1}},"8":{"start":{"line":24,"column":1},"end":{"line":26,"column":2}},"9":{"start":{"line":25,"column":2},"end":{"line":25,"column":9}},"10":{"start":{"line":28,"column":17},"end":{"line":34,"column":23}},"11":{"start":{"line":29,"column":2},"end":{"line":29,"column":32}},"12":{"start":{"line":30,"column":2},"end":{"line":33,"column":5}},"13":{"start":{"line":36,"column":1},"end":{"line":36,"column":37}},"14":{"start":{"line":39,"column":23},"end":{"line":92,"column":1}},"15":{"start":{"line":40,"column":1},"end":{"line":91,"column":2}},"16":{"start":{"line":42,"column":3},"end":{"line":45,"column":5}},"17":{"start":{"line":48,"column":3},"end":{"line":53,"column":5}},"18":{"start":{"line":51,"column":5},"end":{"line":51,"column":61}},"19":{"start":{"line":56,"column":23},"end":{"line":56,"column":29}},"20":{"start":{"line":60,"column":3},"end":{"line":66,"column":4}},"21":{"start":{"line":61,"column":4},"end":{"line":61,"column":30}},"22":{"start":{"line":63,"column":4},"end":{"line":65,"column":7}},"23":{"start":{"line":64,"column":5},"end":{"line":64,"column":32}},"24":{"start":{"line":68,"column":3},"end":{"line":78,"column":5}},"25":{"start":{"line":71,"column":5},"end":{"line":76,"column":9}},"26":{"start":{"line":81,"column":3},"end":{"line":86,"column":4}},"27":{"start":{"line":82,"column":4},"end":{"line":85,"column":6}},"28":{"start":{"line":87,"column":3},"end":{"line":90,"column":5}},"29":{"start":{"line":89,"column":39},"end":{"line":89,"column":62}},"30":{"start":{"line":94,"column":18},"end":{"line":94,"column":20}},"31":{"start":{"line":96,"column":18},"end":{"line":96,"column":32}},"32":{"start":{"line":99,"column":1},"end":{"line":99,"column":44}},"33":{"start":{"line":100,"column":1},"end":{"line":102,"column":4}},"34":{"start":{"line":101,"column":2},"end":{"line":101,"column":24}},"35":{"start":{"line":106,"column":12},"end":{"line":106,"column":19}},"36":{"start":{"line":108,"column":16},"end":{"line":112,"column":4}},"37":{"start":{"line":109,"column":2},"end":{"line":112,"column":4}},"38":{"start":{"line":113,"column":17},"end":{"line":113,"column":71}},"39":{"start":{"line":113,"column":23},"end":{"line":113,"column":71}},"40":{"start":{"line":115,"column":1},"end":{"line":125,"column":4}},"41":{"start":{"line":122,"column":4},"end":{"line":122,"column":25}},"42":{"start":{"line":122,"column":15},"end":{"line":122,"column":25}},"43":{"start":{"line":127,"column":1},"end":{"line":131,"column":3}},"44":{"start":{"line":135,"column":27},"end":{"line":135,"column":54}},"45":{"start":{"line":137,"column":1},"end":{"line":145,"column":13}},"46":{"start":{"line":138,"column":2},"end":{"line":138,"column":27}},"47":{"start":{"line":139,"column":2},"end":{"line":144,"column":4}},"48":{"start":{"line":140,"column":17},"end":{"line":140,"column":44}},"49":{"start":{"line":141,"column":3},"end":{"line":143,"column":4}},"50":{"start":{"line":142,"column":4},"end":{"line":142,"column":31}},"51":{"start":{"line":147,"column":1},"end":{"line":151,"column":3}},"52":{"start":{"line":150,"column":24},"end":{"line":150,"column":68}}},"fnMap":{"0":{"name":"genId","decl":{"start":{"line":16,"column":9},"end":{"line":16,"column":14}},"loc":{"start":{"line":16,"column":17},"end":{"line":19,"column":1}},"line":16},"1":{"name":"(anonymous_1)","decl":{"start":{"line":23,"column":25},"end":{"line":23,"column":26}},"loc":{"start":{"line":23,"column":38},"end":{"line":37,"column":1}},"line":23},"2":{"name":"(anonymous_2)","decl":{"start":{"line":28,"column":28},"end":{"line":28,"column":29}},"loc":{"start":{"line":28,"column":34},"end":{"line":34,"column":2}},"line":28},"3":{"name":"(anonymous_3)","decl":{"start":{"line":39,"column":23},"end":{"line":39,"column":24}},"loc":{"start":{"line":39,"column":42},"end":{"line":92,"column":1}},"line":39},"4":{"name":"(anonymous_4)","decl":{"start":{"line":50,"column":29},"end":{"line":50,"column":30}},"loc":{"start":{"line":51,"column":5},"end":{"line":51,"column":61}},"line":51},"5":{"name":"(anonymous_5)","decl":{"start":{"line":63,"column":25},"end":{"line":63,"column":26}},"loc":{"start":{"line":63,"column":36},"end":{"line":65,"column":5}},"line":63},"6":{"name":"(anonymous_6)","decl":{"start":{"line":70,"column":29},"end":{"line":70,"column":30}},"loc":{"start":{"line":71,"column":5},"end":{"line":76,"column":9}},"line":71},"7":{"name":"(anonymous_7)","decl":{"start":{"line":89,"column":32},"end":{"line":89,"column":33}},"loc":{"start":{"line":89,"column":39},"end":{"line":89,"column":62}},"line":89},"8":{"name":"dispatch","decl":{"start":{"line":98,"column":9},"end":{"line":98,"column":17}},"loc":{"start":{"line":98,"column":26},"end":{"line":103,"column":1}},"line":98},"9":{"name":"(anonymous_9)","decl":{"start":{"line":100,"column":19},"end":{"line":100,"column":20}},"loc":{"start":{"line":100,"column":33},"end":{"line":102,"column":2}},"line":100},"10":{"name":"toast","decl":{"start":{"line":105,"column":9},"end":{"line":105,"column":14}},"loc":{"start":{"line":105,"column":29},"end":{"line":132,"column":1}},"line":105},"11":{"name":"(anonymous_11)","decl":{"start":{"line":108,"column":16},"end":{"line":108,"column":17}},"loc":{"start":{"line":109,"column":2},"end":{"line":112,"column":4}},"line":109},"12":{"name":"(anonymous_12)","decl":{"start":{"line":113,"column":17},"end":{"line":113,"column":18}},"loc":{"start":{"line":113,"column":23},"end":{"line":113,"column":71}},"line":113},"13":{"name":"(anonymous_13)","decl":{"start":{"line":121,"column":17},"end":{"line":121,"column":18}},"loc":{"start":{"line":121,"column":27},"end":{"line":123,"column":4}},"line":121},"14":{"name":"useToast","decl":{"start":{"line":134,"column":9},"end":{"line":134,"column":17}},"loc":{"start":{"line":134,"column":20},"end":{"line":152,"column":1}},"line":134},"15":{"name":"(anonymous_15)","decl":{"start":{"line":137,"column":17},"end":{"line":137,"column":18}},"loc":{"start":{"line":137,"column":23},"end":{"line":145,"column":2}},"line":137},"16":{"name":"(anonymous_16)","decl":{"start":{"line":139,"column":9},"end":{"line":139,"column":10}},"loc":{"start":{"line":139,"column":15},"end":{"line":144,"column":3}},"line":139},"17":{"name":"(anonymous_17)","decl":{"start":{"line":150,"column":11},"end":{"line":150,"column":12}},"loc":{"start":{"line":150,"column":24},"end":{"line":150,"column":68}},"line":150}},"branchMap":{"0":{"loc":{"start":{"line":24,"column":1},"end":{"line":26,"column":2}},"type":"if","locations":[{"start":{"line":24,"column":1},"end":{"line":26,"column":2}},{"start":{},"end":{}}],"line":24},"1":{"loc":{"start":{"line":40,"column":1},"end":{"line":91,"column":2}},"type":"switch","locations":[{"start":{"line":41,"column":2},"end":{"line":45,"column":5}},{"start":{"line":47,"column":2},"end":{"line":53,"column":5}},{"start":{"line":55,"column":2},"end":{"line":79,"column":3}},{"start":{"line":80,"column":2},"end":{"line":90,"column":5}}],"line":40},"2":{"loc":{"start":{"line":51,"column":5},"end":{"line":51,"column":61}},"type":"cond-expr","locations":[{"start":{"line":51,"column":32},"end":{"line":51,"column":57}},{"start":{"line":51,"column":60},"end":{"line":51,"column":61}}],"line":51},"3":{"loc":{"start":{"line":60,"column":3},"end":{"line":66,"column":4}},"type":"if","locations":[{"start":{"line":60,"column":3},"end":{"line":66,"column":4}},{"start":{"line":62,"column":10},"end":{"line":66,"column":4}}],"line":60},"4":{"loc":{"start":{"line":71,"column":5},"end":{"line":76,"column":9}},"type":"cond-expr","locations":[{"start":{"line":72,"column":8},"end":{"line":75,"column":9}},{"start":{"line":76,"column":8},"end":{"line":76,"column":9}}],"line":71},"5":{"loc":{"start":{"line":71,"column":5},"end":{"line":71,"column":46}},"type":"binary-expr","locations":[{"start":{"line":71,"column":5},"end":{"line":71,"column":21}},{"start":{"line":71,"column":25},"end":{"line":71,"column":46}}],"line":71},"6":{"loc":{"start":{"line":81,"column":3},"end":{"line":86,"column":4}},"type":"if","locations":[{"start":{"line":81,"column":3},"end":{"line":86,"column":4}},{"start":{},"end":{}}],"line":81},"7":{"loc":{"start":{"line":122,"column":4},"end":{"line":122,"column":25}},"type":"if","locations":[{"start":{"line":122,"column":4},"end":{"line":122,"column":25}},{"start":{},"end":{}}],"line":122},"8":{"loc":{"start":{"line":141,"column":3},"end":{"line":143,"column":4}},"type":"if","locations":[{"start":{"line":141,"column":3},"end":{"line":143,"column":4}},{"start":{},"end":{}}],"line":141}},"s":{"0":1,"1":1,"2":1,"3":1,"4":0,"5":0,"6":1,"7":1,"8":0,"9":0,"10":0,"11":0,"12":0,"13":0,"14":1,"15":0,"16":0,"17":0,"18":0,"19":0,"20":0,"21":0,"22":0,"23":0,"24":0,"25":0,"26":0,"27":0,"28":0,"29":0,"30":1,"31":1,"32":0,"33":0,"34":0,"35":0,"36":0,"37":0,"38":0,"39":0,"40":0,"41":0,"42":0,"43":0,"44":1,"45":1,"46":1,"47":1,"48":1,"49":1,"50":1,"51":1,"52":0},"f":{"0":0,"1":0,"2":0,"3":0,"4":0,"5":0,"6":0,"7":0,"8":0,"9":0,"10":0,"11":0,"12":0,"13":0,"14":1,"15":1,"16":1,"17":0},"b":{"0":[0,0],"1":[0,0,0,0],"2":[0,0],"3":[0,0],"4":[0,0],"5":[0,0],"6":[0,0],"7":[0,0],"8":[1,0]},"_coverageSchema":"1a1c01bbd47fc00a2c39e90264f33305004495a9","hash":"d21369a0b4077fcce4eaf74da4e22508ee82338f"}
,"/home/curiouskid/Shin sei/React projects/Jo's Kitchen/src/lib/utils.js": {"path":"/home/curiouskid/Shin sei/React projects/Jo's Kitchen/src/lib/utils.js","statementMap":{"0":{"start":{"line":5,"column":1},"end":{"line":5,"column":30}}},"fnMap":{"0":{"name":"cn","decl":{"start":{"line":4,"column":16},"end":{"line":4,"column":18}},"loc":{"start":{"line":4,"column":30},"end":{"line":6,"column":1}},"line":4}},"branchMap":{},"s":{"0":4},"f":{"0":4},"b":{},"_coverageSchema":"1a1c01bbd47fc00a2c39e90264f33305004495a9","hash":"4ca92c6cb222215ac63d45b50960849bdac3c167"}
,"/home/curiouskid/Shin sei/React projects/Jo's Kitchen/src/svg/CartIcon.js": {"path":"/home/curiouskid/Shin sei/React projects/Jo's Kitchen/src/svg/CartIcon.js","statementMap":{"0":{"start":{"line":1,"column":17},"end":{"line":22,"column":1}},"1":{"start":{"line":2,"column":1},"end":{"line":21,"column":3}}},"fnMap":{"0":{"name":"(anonymous_0)","decl":{"start":{"line":1,"column":17},"end":{"line":1,"column":18}},"loc":{"start":{"line":1,"column":23},"end":{"line":22,"column":1}},"line":1}},"branchMap":{},"s":{"0":1,"1":2},"f":{"0":2},"b":{},"_coverageSchema":"1a1c01bbd47fc00a2c39e90264f33305004495a9","hash":"049afcc253f5f0d8e8848ad00bc4a067b34a9161"}
,"/home/curiouskid/Shin sei/React projects/Jo's Kitchen/src/svg/RatingSvg.js": {"path":"/home/curiouskid/Shin sei/React projects/Jo's Kitchen/src/svg/RatingSvg.js","statementMap":{"0":{"start":{"line":1,"column":18},"end":{"line":38,"column":1}},"1":{"start":{"line":2,"column":1},"end":{"line":37,"column":3}}},"fnMap":{"0":{"name":"(anonymous_0)","decl":{"start":{"line":1,"column":18},"end":{"line":1,"column":19}},"loc":{"start":{"line":1,"column":24},"end":{"line":38,"column":1}},"line":1}},"branchMap":{},"s":{"0":1,"1":2},"f":{"0":2},"b":{},"_coverageSchema":"1a1c01bbd47fc00a2c39e90264f33305004495a9","hash":"ddfc321ba16d1f11bbad8f61d8c0bc11ad37e8e9"}
,"/home/curiouskid/Shin sei/React projects/Jo's Kitchen/src/svg/SearchIcon.js": {"path":"/home/curiouskid/Shin sei/React projects/Jo's Kitchen/src/svg/SearchIcon.js","statementMap":{"0":{"start":{"line":3,"column":19},"end":{"line":23,"column":1}},"1":{"start":{"line":4,"column":1},"end":{"line":22,"column":3}}},"fnMap":{"0":{"name":"(anonymous_0)","decl":{"start":{"line":3,"column":19},"end":{"line":3,"column":20}},"loc":{"start":{"line":3,"column":25},"end":{"line":23,"column":1}},"line":3}},"branchMap":{},"s":{"0":1,"1":0},"f":{"0":0},"b":{},"_coverageSchema":"1a1c01bbd47fc00a2c39e90264f33305004495a9","hash":"adc465fa199cec8de8dc5125ba225d0411a91fff"}
,"/home/curiouskid/Shin sei/React projects/Jo's Kitchen/src/svg/UserIcon.js": {"path":"/home/curiouskid/Shin sei/React projects/Jo's Kitchen/src/svg/UserIcon.js","statementMap":{"0":{"start":{"line":3,"column":17},"end":{"line":23,"column":1}},"1":{"start":{"line":4,"column":1},"end":{"line":22,"column":3}}},"fnMap":{"0":{"name":"(anonymous_0)","decl":{"start":{"line":3,"column":17},"end":{"line":3,"column":18}},"loc":{"start":{"line":3,"column":23},"end":{"line":23,"column":1}},"line":3}},"branchMap":{},"s":{"0":1,"1":2},"f":{"0":2},"b":{},"_coverageSchema":"1a1c01bbd47fc00a2c39e90264f33305004495a9","hash":"2df161e10af3e1641739b1f5e9d811241f378e56"}
,"/home/curiouskid/Shin sei/React projects/Jo's Kitchen/src/utils/UserContext.js": {"path":"/home/curiouskid/Shin sei/React projects/Jo's Kitchen/src/utils/UserContext.js","statementMap":{"0":{"start":{"line":3,"column":20},"end":{"line":5,"column":2}}},"fnMap":{},"branchMap":{},"s":{"0":1},"f":{},"b":{},"_coverageSchema":"1a1c01bbd47fc00a2c39e90264f33305004495a9","hash":"a039a3febbbfc8c82547e19e95b3700a6cd78b92"}
,"/home/curiouskid/Shin sei/React projects/Jo's Kitchen/src/utils/constants.js": {"path":"/home/curiouskid/Shin sei/React projects/Jo's Kitchen/src/utils/constants.js","statementMap":{"0":{"start":{"line":2,"column":1},"end":{"line":2,"column":84}},"1":{"start":{"line":6,"column":1},"end":{"line":6,"column":111}},"2":{"start":{"line":9,"column":1},"end":{"line":9,"column":146}},"3":{"start":{"line":12,"column":1},"end":{"line":12,"column":131}},"4":{"start":{"line":14,"column":37},"end":{"line":14,"column":79}},"5":{"start":{"line":17,"column":1},"end":{"line":17,"column":63}},"6":{"start":{"line":19,"column":27},"end":{"line":19,"column":59}}},"fnMap":{},"branchMap":{},"s":{"0":2,"1":2,"2":2,"3":2,"4":2,"5":2,"6":2},"f":{},"b":{},"_coverageSchema":"1a1c01bbd47fc00a2c39e90264f33305004495a9","hash":"12c8c7bd1e74fd33261867243aba0387d4d77926"}
,"/home/curiouskid/Shin sei/React projects/Jo's Kitchen/src/utils/custom-hooks/useOnlineStatus.js": {"path":"/home/curiouskid/Shin sei/React projects/Jo's Kitchen/src/utils/custom-hooks/useOnlineStatus.js","statementMap":{"0":{"start":{"line":4,"column":24},"end":{"line":19,"column":1}},"1":{"start":{"line":6,"column":41},"end":{"line":6,"column":55}},"2":{"start":{"line":8,"column":1},"end":{"line":16,"column":8}},"3":{"start":{"line":9,"column":2},"end":{"line":11,"column":5}},"4":{"start":{"line":10,"column":3},"end":{"line":10,"column":26}},"5":{"start":{"line":13,"column":2},"end":{"line":15,"column":5}},"6":{"start":{"line":14,"column":3},"end":{"line":14,"column":25}},"7":{"start":{"line":18,"column":1},"end":{"line":18,"column":21}}},"fnMap":{"0":{"name":"(anonymous_0)","decl":{"start":{"line":4,"column":24},"end":{"line":4,"column":25}},"loc":{"start":{"line":4,"column":30},"end":{"line":19,"column":1}},"line":4},"1":{"name":"(anonymous_1)","decl":{"start":{"line":8,"column":11},"end":{"line":8,"column":12}},"loc":{"start":{"line":8,"column":17},"end":{"line":16,"column":2}},"line":8},"2":{"name":"(anonymous_2)","decl":{"start":{"line":9,"column":37},"end":{"line":9,"column":38}},"loc":{"start":{"line":9,"column":43},"end":{"line":11,"column":3}},"line":9},"3":{"name":"(anonymous_3)","decl":{"start":{"line":13,"column":36},"end":{"line":13,"column":37}},"loc":{"start":{"line":13,"column":42},"end":{"line":15,"column":3}},"line":13}},"branchMap":{},"s":{"0":1,"1":2,"2":2,"3":2,"4":0,"5":2,"6":0,"7":2},"f":{"0":2,"1":2,"2":0,"3":0},"b":{},"_coverageSchema":"1a1c01bbd47fc00a2c39e90264f33305004495a9","hash":"fee439a9952211c21a359d58f5848e5b92ec8628"}
,"/home/curiouskid/Shin sei/React projects/Jo's Kitchen/src/utils/redux-files/appStore.js": {"path":"/home/curiouskid/Shin sei/React projects/Jo's Kitchen/src/utils/redux-files/appStore.js","statementMap":{"0":{"start":{"line":6,"column":17},"end":{"line":10,"column":2}}},"fnMap":{},"branchMap":{},"s":{"0":2},"f":{},"b":{},"_coverageSchema":"1a1c01bbd47fc00a2c39e90264f33305004495a9","hash":"f09b7c9e3095b3d072c0c1439a57ca6d3877aa68"}
,"/home/curiouskid/Shin sei/React projects/Jo's Kitchen/src/utils/redux-files/cartSlice.js": {"path":"/home/curiouskid/Shin sei/React projects/Jo's Kitchen/src/utils/redux-files/cartSlice.js","statementMap":{"0":{"start":{"line":3,"column":18},"end":{"line":35,"column":2}},"1":{"start":{"line":12,"column":3},"end":{"line":12,"column":35}},"2":{"start":{"line":15,"column":25},"end":{"line":17,"column":4}},"3":{"start":{"line":16,"column":18},"end":{"line":16,"column":61}},"4":{"start":{"line":19,"column":3},"end":{"line":19,"column":30}},"5":{"start":{"line":22,"column":3},"end":{"line":22,"column":25}},"6":{"start":{"line":26,"column":3},"end":{"line":26,"column":37}},"7":{"start":{"line":29,"column":3},"end":{"line":29,"column":37}},"8":{"start":{"line":32,"column":3},"end":{"line":32,"column":23}},"9":{"start":{"line":44,"column":4},"end":{"line":44,"column":21}}},"fnMap":{"0":{"name":"(anonymous_0)","decl":{"start":{"line":11,"column":11},"end":{"line":11,"column":12}},"loc":{"start":{"line":11,"column":30},"end":{"line":13,"column":3}},"line":11},"1":{"name":"(anonymous_1)","decl":{"start":{"line":14,"column":14},"end":{"line":14,"column":15}},"loc":{"start":{"line":14,"column":33},"end":{"line":20,"column":3}},"line":14},"2":{"name":"(anonymous_2)","decl":{"start":{"line":16,"column":4},"end":{"line":16,"column":5}},"loc":{"start":{"line":16,"column":18},"end":{"line":16,"column":61}},"line":16},"3":{"name":"(anonymous_3)","decl":{"start":{"line":21,"column":13},"end":{"line":21,"column":14}},"loc":{"start":{"line":21,"column":24},"end":{"line":23,"column":3}},"line":21},"4":{"name":"(anonymous_4)","decl":{"start":{"line":25,"column":18},"end":{"line":25,"column":19}},"loc":{"start":{"line":25,"column":37},"end":{"line":27,"column":3}},"line":25},"5":{"name":"(anonymous_5)","decl":{"start":{"line":28,"column":18},"end":{"line":28,"column":19}},"loc":{"start":{"line":28,"column":37},"end":{"line":30,"column":3}},"line":28},"6":{"name":"(anonymous_6)","decl":{"start":{"line":31,"column":15},"end":{"line":31,"column":16}},"loc":{"start":{"line":31,"column":26},"end":{"line":33,"column":3}},"line":31}},"branchMap":{},"s":{"0":2,"1":0,"2":0,"3":0,"4":0,"5":0,"6":0,"7":0,"8":0,"9":2},"f":{"0":0,"1":0,"2":0,"3":0,"4":0,"5":0,"6":0},"b":{},"_coverageSchema":"1a1c01bbd47fc00a2c39e90264f33305004495a9","hash":"e3bb388458611ba758988a7713ac66eda48038c7"}
}
