{"/home/curiouskid/Shin sei/React projects/Jo's Kitchen/src/components/Contact.js": {"path":"/home/curiouskid/Shin sei/React projects/Jo's Kitchen/src/components/Contact.js","statementMap":{"0":{"start":{"line":1,"column":23},"end":{"line":7,"column":1}},"1":{"start":{"line":2,"column":1},"end":{"line":6,"column":3}}},"fnMap":{"0":{"name":"(anonymous_0)","decl":{"start":{"line":1,"column":23},"end":{"line":1,"column":24}},"loc":{"start":{"line":1,"column":29},"end":{"line":7,"column":1}},"line":1}},"branchMap":{},"s":{"0":1,"1":1},"f":{"0":1},"b":{},"_coverageSchema":"1a1c01bbd47fc00a2c39e90264f33305004495a9","hash":"59c333ed4be217c40f8d8b8036ec195df153e565"}
,"/home/curiouskid/Shin sei/React projects/Jo's Kitchen/src/components/Sum.js": {"path":"/home/curiouskid/Shin sei/React projects/Jo's Kitchen/src/components/Sum.js","statementMap":{"0":{"start":{"line":1,"column":19},"end":{"line":3,"column":1}},"1":{"start":{"line":2,"column":1},"end":{"line":2,"column":23}}},"fnMap":{"0":{"name":"(anonymous_0)","decl":{"start":{"line":1,"column":19},"end":{"line":1,"column":20}},"loc":{"start":{"line":1,"column":38},"end":{"line":3,"column":1}},"line":1}},"branchMap":{},"s":{"0":1,"1":1},"f":{"0":1},"b":{},"_coverageSchema":"1a1c01bbd47fc00a2c39e90264f33305004495a9","hash":"60dc8b9b6afbd22d887a8cd92ecabbcb0a2d4f07"}
}
