TN:
SF:src/components/Contact.js
FN:3,(anonymous_0)
FNF:1
FNH:1
FNDA:2,(anonymous_0)
DA:3,1
DA:4,2
LF:2
LH:2
BRF:0
BRH:0
end_of_record
TN:
SF:src/components/Header.js
FN:14,(anonymous_0)
FN:19,(anonymous_1)
FNF:2
FNH:2
FNDA:2,(anonymous_0)
FNDA:4,(anonymous_1)
DA:14,1
DA:15,2
DA:16,2
DA:19,4
DA:21,2
LF:5
LH:5
BRDA:35,0,0,2
BRDA:35,0,1,0
BRF:2
BRH:1
end_of_record
TN:
SF:src/components/RestaurantCards.js
FN:8,(anonymous_0)
FN:59,(anonymous_1)
FN:60,(anonymous_2)
FNF:3
FNH:1
FNDA:1,(anonymous_0)
FNDA:0,(anonymous_1)
FNDA:0,(anonymous_2)
DA:8,1
DA:10,1
DA:11,1
DA:22,1
DA:24,1
DA:59,1
DA:60,0
DA:61,0
LF:8
LH:6
BRF:0
BRH:0
end_of_record
TN:
SF:src/components/Sum.js
FN:1,(anonymous_0)
FNF:1
FNH:1
FNDA:1,(anonymous_0)
DA:1,1
DA:2,1
LF:2
LH:2
BRF:0
BRH:0
end_of_record
TN:
SF:src/components/cart-components/ClearCartAlert.js
FN:23,(anonymous_0)
FN:25,(anonymous_1)
FN:34,(anonymous_2)
FNF:3
FNH:2
FNDA:1,(anonymous_0)
FNDA:2,(anonymous_1)
FNDA:0,(anonymous_2)
DA:23,1
DA:25,2
DA:28,1
DA:31,1
DA:34,1
DA:35,0
DA:36,0
DA:38,0
DA:44,1
LF:9
LH:6
BRF:0
BRH:0
end_of_record
TN:
SF:src/components/ui/alert-dialog.jsx
FN:15,(anonymous_0)
FN:27,(anonymous_1)
FN:42,(anonymous_2)
FN:53,(anonymous_3)
FN:64,(anonymous_4)
FN:74,(anonymous_5)
FN:85,(anonymous_6)
FN:94,(anonymous_7)
FNF:8
FNH:1
FNDA:0,(anonymous_0)
FNDA:1,(anonymous_1)
FNDA:0,(anonymous_2)
FNDA:0,(anonymous_3)
FNDA:0,(anonymous_4)
FNDA:0,(anonymous_5)
FNDA:0,(anonymous_6)
FNDA:0,(anonymous_7)
DA:9,1
DA:11,1
DA:13,1
DA:15,1
DA:16,0
DA:25,1
DA:27,1
DA:28,1
DA:40,1
DA:42,1
DA:43,0
DA:51,1
DA:53,1
DA:54,0
DA:62,1
DA:64,1
DA:65,0
DA:71,1
DA:73,1
DA:75,0
DA:82,1
DA:85,1
DA:86,0
DA:92,1
DA:94,1
DA:95,0
DA:105,1
LF:27
LH:20
BRF:0
BRH:0
end_of_record
TN:
SF:src/components/ui/button.jsx
FN:38,(anonymous_0)
FNF:1
FNH:1
FNDA:3,(anonymous_0)
DA:7,2
DA:37,2
DA:39,3
DA:40,3
DA:49,2
LF:5
LH:5
BRDA:38,0,0,3
BRDA:39,1,0,0
BRDA:39,1,1,3
BRF:3
BRH:2
end_of_record
TN:
SF:src/components/ui/use-toast.js
FN:16,genId
FN:23,(anonymous_1)
FN:28,(anonymous_2)
FN:39,(anonymous_3)
FN:50,(anonymous_4)
FN:63,(anonymous_5)
FN:70,(anonymous_6)
FN:89,(anonymous_7)
FN:98,dispatch
FN:100,(anonymous_9)
FN:105,toast
FN:108,(anonymous_11)
FN:113,(anonymous_12)
FN:121,(anonymous_13)
FN:134,useToast
FN:137,(anonymous_15)
FN:139,(anonymous_16)
FN:150,(anonymous_17)
FNF:18
FNH:3
FNDA:0,genId
FNDA:0,(anonymous_1)
FNDA:0,(anonymous_2)
FNDA:0,(anonymous_3)
FNDA:0,(anonymous_4)
FNDA:0,(anonymous_5)
FNDA:0,(anonymous_6)
FNDA:0,(anonymous_7)
FNDA:0,dispatch
FNDA:0,(anonymous_9)
FNDA:0,toast
FNDA:0,(anonymous_11)
FNDA:0,(anonymous_12)
FNDA:0,(anonymous_13)
FNDA:1,useToast
FNDA:1,(anonymous_15)
FNDA:1,(anonymous_16)
FNDA:0,(anonymous_17)
DA:4,1
DA:5,1
DA:7,1
DA:14,1
DA:17,0
DA:18,0
DA:21,1
DA:23,1
DA:24,0
DA:25,0
DA:28,0
DA:29,0
DA:30,0
DA:36,0
DA:39,1
DA:40,0
DA:42,0
DA:48,0
DA:51,0
DA:56,0
DA:60,0
DA:61,0
DA:63,0
DA:64,0
DA:68,0
DA:71,0
DA:81,0
DA:82,0
DA:87,0
DA:89,0
DA:94,1
DA:96,1
DA:99,0
DA:100,0
DA:101,0
DA:106,0
DA:108,0
DA:109,0
DA:113,0
DA:115,0
DA:122,0
DA:127,0
DA:135,1
DA:137,1
DA:138,1
DA:139,1
DA:140,1
DA:141,1
DA:142,1
DA:147,1
DA:150,0
LF:51
LH:17
BRDA:24,0,0,0
BRDA:24,0,1,0
BRDA:40,1,0,0
BRDA:40,1,1,0
BRDA:40,1,2,0
BRDA:40,1,3,0
BRDA:51,2,0,0
BRDA:51,2,1,0
BRDA:60,3,0,0
BRDA:60,3,1,0
BRDA:71,4,0,0
BRDA:71,4,1,0
BRDA:71,5,0,0
BRDA:71,5,1,0
BRDA:81,6,0,0
BRDA:81,6,1,0
BRDA:122,7,0,0
BRDA:122,7,1,0
BRDA:141,8,0,1
BRDA:141,8,1,0
BRF:20
BRH:1
end_of_record
TN:
SF:src/lib/utils.js
FN:4,cn
FNF:1
FNH:1
FNDA:4,cn
DA:5,4
LF:1
LH:1
BRF:0
BRH:0
end_of_record
TN:
SF:src/svg/CartIcon.js
FN:1,(anonymous_0)
FNF:1
FNH:1
FNDA:2,(anonymous_0)
DA:1,1
DA:2,2
LF:2
LH:2
BRF:0
BRH:0
end_of_record
TN:
SF:src/svg/RatingSvg.js
FN:1,(anonymous_0)
FNF:1
FNH:1
FNDA:1,(anonymous_0)
DA:1,1
DA:2,1
LF:2
LH:2
BRF:0
BRH:0
end_of_record
TN:
SF:src/svg/SearchIcon.js
FN:3,(anonymous_0)
FNF:1
FNH:0
FNDA:0,(anonymous_0)
DA:3,1
DA:4,0
LF:2
LH:1
BRF:0
BRH:0
end_of_record
TN:
SF:src/svg/UserIcon.js
FN:3,(anonymous_0)
FNF:1
FNH:1
FNDA:2,(anonymous_0)
DA:3,1
DA:4,2
LF:2
LH:2
BRF:0
BRH:0
end_of_record
TN:
SF:src/utils/UserContext.js
FNF:0
FNH:0
DA:3,1
LF:1
LH:1
BRF:0
BRH:0
end_of_record
TN:
SF:src/utils/constants.js
FNF:0
FNH:0
DA:2,2
DA:6,2
DA:9,2
DA:12,2
DA:14,2
DA:17,2
DA:19,2
LF:7
LH:7
BRF:0
BRH:0
end_of_record
TN:
SF:src/utils/custom-hooks/useOnlineStatus.js
FN:4,(anonymous_0)
FN:8,(anonymous_1)
FN:9,(anonymous_2)
FN:13,(anonymous_3)
FNF:4
FNH:2
FNDA:2,(anonymous_0)
FNDA:2,(anonymous_1)
FNDA:0,(anonymous_2)
FNDA:0,(anonymous_3)
DA:4,1
DA:6,2
DA:8,2
DA:9,2
DA:10,0
DA:13,2
DA:14,0
DA:18,2
LF:8
LH:6
BRF:0
BRH:0
end_of_record
TN:
SF:src/utils/redux-files/appStore.js
FNF:0
FNH:0
DA:6,2
LF:1
LH:1
BRF:0
BRH:0
end_of_record
TN:
SF:src/utils/redux-files/cartSlice.js
FN:11,(anonymous_0)
FN:14,(anonymous_1)
FN:16,(anonymous_2)
FN:21,(anonymous_3)
FN:25,(anonymous_4)
FN:28,(anonymous_5)
FN:31,(anonymous_6)
FNF:7
FNH:0
FNDA:0,(anonymous_0)
FNDA:0,(anonymous_1)
FNDA:0,(anonymous_2)
FNDA:0,(anonymous_3)
FNDA:0,(anonymous_4)
FNDA:0,(anonymous_5)
FNDA:0,(anonymous_6)
DA:3,2
DA:12,0
DA:15,0
DA:16,0
DA:19,0
DA:22,0
DA:26,0
DA:29,0
DA:32,0
DA:44,2
LF:10
LH:2
BRF:0
BRH:0
end_of_record
