TN:
SF:src/components/Body.js
FN:15,(anonymous_0)
FN:25,(anonymous_1)
FN:30,(anonymous_2)
FN:36,(anonymous_3)
FN:49,(anonymous_4)
FN:50,(anonymous_5)
FN:69,(anonymous_6)
FN:81,(anonymous_7)
FNF:8
FNH:7
FNDA:2,(anonymous_0)
FNDA:1,(anonymous_1)
FNDA:1,(anonymous_2)
FNDA:12,(anonymous_3)
FNDA:2,(anonymous_4)
FNDA:9,(anonymous_5)
FNDA:0,(anonymous_6)
FNDA:9,(anonymous_7)
DA:15,1
DA:17,2
DA:18,2
DA:21,2
DA:25,2
DA:26,1
DA:30,2
DA:31,1
DA:32,1
DA:34,1
DA:36,1
DA:37,12
DA:38,1
DA:46,2
DA:49,2
DA:50,2
DA:51,9
DA:58,2
DA:70,0
DA:82,9
LF:20
LH:19
BRDA:37,0,0,1
BRDA:37,0,1,11
BRDA:58,1,0,1
BRDA:58,1,1,1
BRDA:89,2,0,3
BRDA:89,2,1,6
BRF:6
BRH:6
end_of_record
TN:
SF:src/components/RestaurantCards.js
FN:8,(anonymous_0)
FN:59,(anonymous_1)
FN:60,(anonymous_2)
FNF:3
FNH:3
FNDA:11,(anonymous_0)
FNDA:3,(anonymous_1)
FNDA:4,(anonymous_2)
DA:8,2
DA:10,11
DA:11,11
DA:22,11
DA:24,11
DA:59,2
DA:60,3
DA:61,4
LF:8
LH:8
BRF:0
BRH:0
end_of_record
